Epoch: [0]  [ 0/20]  eta: 0:36:19  lr: 0.001000  loss: 0.5345 (0.5345)  loss_classifier: 0.1053 (0.1053)  loss_box_reg: 0.1287 (0.1287)  loss_mask: 0.2521 (0.2521)  loss_objectness: 0.0403 (0.0403)  loss_rpn_box_reg: 0.0081 (0.0081)  time: 108.9505  data: 0.0170
Epoch: [0]  [ 1/20]  eta: 0:34:46  lr: 0.001000  loss: 0.2170 (0.3758)  loss_classifier: 0.0470 (0.0761)  loss_box_reg: 0.0426 (0.0856)  loss_mask: 0.1151 (0.1836)  loss_objectness: 0.0088 (0.0245)  loss_rpn_box_reg: 0.0036 (0.0059)  time: 109.8295  data: 0.0265
Epoch: [0]  [ 2/20]  eta: 0:33:10  lr: 0.001000  loss: 0.5345 (0.6335)  loss_classifier: 0.1053 (0.1374)  loss_box_reg: 0.1287 (0.1220)  loss_mask: 0.2521 (0.3367)  loss_objectness: 0.0403 (0.0313)  loss_rpn_box_reg: 0.0065 (0.0061)  time: 110.5765  data: 0.0283
Epoch: [0]  [ 3/20]  eta: 0:32:20  lr: 0.001000  loss: 0.2175 (0.5295)  loss_classifier: 0.0536 (0.1164)  loss_box_reg: 0.0426 (0.1000)  loss_mask: 0.1191 (0.2823)  loss_objectness: 0.0088 (0.0253)  loss_rpn_box_reg: 0.0036 (0.0055)  time: 114.1376  data: 0.0288
Epoch: [0]  [ 4/20]  eta: 0:31:13  lr: 0.001000  loss: 0.5296 (0.5295)  loss_classifier: 0.1053 (0.1171)  loss_box_reg: 0.1208 (0.1042)  loss_mask: 0.2521 (0.2799)  loss_objectness: 0.0110 (0.0224)  loss_rpn_box_reg: 0.0065 (0.0060)  time: 117.0965  data: 0.0312
Epoch: [0]  [ 5/20]  eta: 0:29:32  lr: 0.001000  loss: 0.2239 (0.4786)  loss_classifier: 0.0536 (0.1048)  loss_box_reg: 0.0544 (0.0959)  loss_mask: 0.1191 (0.2519)  loss_objectness: 0.0110 (0.0206)  loss_rpn_box_reg: 0.0036 (0.0054)  time: 118.1894  data: 0.0325
Epoch: [0]  [ 6/20]  eta: 0:27:38  lr: 0.001000  loss: 0.5296 (0.5305)  loss_classifier: 0.1053 (0.1064)  loss_box_reg: 0.0867 (0.0945)  loss_mask: 0.2521 (0.3047)  loss_objectness: 0.0115 (0.0197)  loss_rpn_box_reg: 0.0036 (0.0050)  time: 118.4473  data: 0.0290
Epoch: [0]  [ 7/20]  eta: 0:26:18  lr: 0.001000  loss: 0.5296 (0.6311)  loss_classifier: 0.1053 (0.1277)  loss_box_reg: 0.0867 (0.1066)  loss_mask: 0.2521 (0.3390)  loss_objectness: 0.0115 (0.0509)  loss_rpn_box_reg: 0.0036 (0.0070)  time: 121.4559  data: 0.0314
Epoch: [0]  [ 8/20]  eta: 0:24:27  lr: 0.001000  loss: 0.5296 (0.5943)  loss_classifier: 0.1053 (0.1219)  loss_box_reg: 0.0867 (0.1019)  loss_mask: 0.2521 (0.3184)  loss_objectness: 0.0115 (0.0457)  loss_rpn_box_reg: 0.0036 (0.0064)  time: 122.3216  data: 0.0315
Epoch: [0]  [ 9/20]  eta: 0:22:52  lr: 0.001000  loss: 0.5296 (0.5985)  loss_classifier: 0.1053 (0.1244)  loss_box_reg: 0.0867 (0.1098)  loss_mask: 0.2442 (0.3110)  loss_objectness: 0.0115 (0.0465)  loss_rpn_box_reg: 0.0036 (0.0067)  time: 124.7622  data: 0.0327
Epoch: [0]  [10/20]  eta: 0:20:57  lr: 0.001000  loss: 0.5345 (0.6032)  loss_classifier: 0.1160 (0.1283)  loss_box_reg: 0.1208 (0.1124)  loss_mask: 0.2521 (0.3097)  loss_objectness: 0.0144 (0.0461)  loss_rpn_box_reg: 0.0060 (0.0067)  time: 125.7864  data: 0.0342
Epoch: [0]  [11/20]  eta: 0:18:53  lr: 0.001000  loss: 0.5296 (0.5711)  loss_classifier: 0.1053 (0.1222)  loss_box_reg: 0.0867 (0.1078)  loss_mask: 0.2442 (0.2917)  loss_objectness: 0.0115 (0.0427)  loss_rpn_box_reg: 0.0057 (0.0066)  time: 125.9015  data: 0.0342
Epoch: [0]  [12/20]  eta: 0:16:53  lr: 0.001000  loss: 0.5345 (0.5753)  loss_classifier: 0.1160 (0.1221)  loss_box_reg: 0.1208 (0.1105)  loss_mask: 0.2521 (0.2965)  loss_objectness: 0.0115 (0.0399)  loss_rpn_box_reg: 0.0057 (0.0063)  time: 126.6545  data: 0.0334
Epoch: [0]  [13/20]  eta: 0:14:46  lr: 0.001000  loss: 0.5296 (0.5505)  loss_classifier: 0.1053 (0.1183)  loss_box_reg: 0.0867 (0.1061)  loss_mask: 0.2442 (0.2827)  loss_objectness: 0.0110 (0.0373)  loss_rpn_box_reg: 0.0036 (0.0061)  time: 126.6348  data: 0.0331
Epoch: [0]  [14/20]  eta: 0:12:44  lr: 0.001000  loss: 0.5345 (0.5824)  loss_classifier: 0.1160 (0.1248)  loss_box_reg: 0.1208 (0.1129)  loss_mask: 0.2521 (0.2995)  loss_objectness: 0.0115 (0.0383)  loss_rpn_box_reg: 0.0057 (0.0069)  time: 127.4533  data: 0.0325
Epoch: [0]  [15/20]  eta: 0:10:35  lr: 0.001000  loss: 0.5296 (0.5724)  loss_classifier: 0.1053 (0.1235)  loss_box_reg: 0.0949 (0.1118)  loss_mask: 0.2442 (0.2944)  loss_objectness: 0.0110 (0.0362)  loss_rpn_box_reg: 0.0036 (0.0066)  time: 127.0544  data: 0.0328
Epoch: [0]  [16/20]  eta: 0:08:32  lr: 0.001000  loss: 0.5345 (0.5846)  loss_classifier: 0.1160 (0.1275)  loss_box_reg: 0.1208 (0.1182)  loss_mask: 0.2521 (0.2963)  loss_objectness: 0.0115 (0.0357)  loss_rpn_box_reg: 0.0057 (0.0068)  time: 128.0413  data: 0.0314
Epoch: [0]  [17/20]  eta: 0:06:25  lr: 0.001000  loss: 0.5345 (0.5826)  loss_classifier: 0.1160 (0.1276)  loss_box_reg: 0.1208 (0.1194)  loss_mask: 0.2442 (0.2924)  loss_objectness: 0.0115 (0.0365)  loss_rpn_box_reg: 0.0036 (0.0066)  time: 128.6031  data: 0.0319
Epoch: [0]  [18/20]  eta: 0:04:16  lr: 0.001000  loss: 0.5345 (0.5708)  loss_classifier: 0.1160 (0.1255)  loss_box_reg: 0.1208 (0.1170)  loss_mask: 0.2442 (0.2849)  loss_objectness: 0.0144 (0.0367)  loss_rpn_box_reg: 0.0057 (0.0067)  time: 128.1239  data: 0.0324
Epoch: [0]  [19/20]  eta: 0:02:08  lr: 0.001000  loss: 0.5296 (0.5609)  loss_classifier: 0.1160 (0.1252)  loss_box_reg: 0.0949 (0.1140)  loss_mask: 0.2257 (0.2786)  loss_objectness: 0.0144 (0.0363)  loss_rpn_box_reg: 0.0057 (0.0067)  time: 128.2207  data: 0.0313
Epoch: [0] Total time: 0:42:44 (128.2314 s / it)
Epoch: [1]  [ 0/20]  eta: 0:50:06  lr: 0.001000  loss: 0.5987 (0.5987)  loss_classifier: 0.1610 (0.1610)  loss_box_reg: 0.1213 (0.1213)  loss_mask: 0.2638 (0.2638)  loss_objectness: 0.0447 (0.0447)  loss_rpn_box_reg: 0.0080 (0.0080)  time: 150.3473  data: 0.0110
Epoch: [1]  [ 1/20]  eta: 0:45:39  lr: 0.001000  loss: 0.5937 (0.5962)  loss_classifier: 0.1610 (0.1692)  loss_box_reg: 0.0908 (0.1061)  loss_mask: 0.2638 (0.2735)  loss_objectness: 0.0336 (0.0392)  loss_rpn_box_reg: 0.0080 (0.0082)  time: 144.2019  data: 0.0110
Epoch: [1]  [ 2/20]  eta: 0:42:36  lr: 0.001000  loss: 0.5937 (0.5203)  loss_classifier: 0.1610 (0.1464)  loss_box_reg: 0.0908 (0.0986)  loss_mask: 0.2638 (0.2418)  loss_objectness: 0.0336 (0.0273)  loss_rpn_box_reg: 0.0080 (0.0063)  time: 142.0334  data: 0.0203
Epoch: [1]  [ 3/20]  eta: 0:39:10  lr: 0.001000  loss: 0.5596 (0.5301)  loss_classifier: 0.1292 (0.1421)  loss_box_reg: 0.0908 (0.0995)  loss_mask: 0.2638 (0.2578)  loss_objectness: 0.0190 (0.0252)  loss_rpn_box_reg: 0.0033 (0.0056)  time: 138.2854  data: 0.0252
Epoch: [1]  [ 4/20]  eta: 0:36:24  lr: 0.001000  loss: 0.5596 (0.4864)  loss_classifier: 0.1292 (0.1279)  loss_box_reg: 0.0908 (0.0942)  loss_mask: 0.2638 (0.2389)  loss_objectness: 0.0190 (0.0208)  loss_rpn_box_reg: 0.0033 (0.0046)  time: 136.5529  data: 0.0270
Epoch: [1]  [ 5/20]  eta: 0:33:42  lr: 0.001000  loss: 0.3686 (0.4419)  loss_classifier: 0.1006 (0.1146)  loss_box_reg: 0.0835 (0.0870)  loss_mask: 0.1783 (0.2182)  loss_objectness: 0.0035 (0.0178)  loss_rpn_box_reg: 0.0028 (0.0043)  time: 134.8044  data: 0.0240
Epoch: [1]  [ 6/20]  eta: 0:31:27  lr: 0.001000  loss: 0.4653 (0.4453)  loss_classifier: 0.1120 (0.1142)  loss_box_reg: 0.0908 (0.0884)  loss_mask: 0.2363 (0.2208)  loss_objectness: 0.0157 (0.0175)  loss_rpn_box_reg: 0.0033 (0.0044)  time: 134.8419  data: 0.0236
Epoch: [1]  [ 7/20]  eta: 0:29:26  lr: 0.001000  loss: 0.4653 (0.4679)  loss_classifier: 0.1120 (0.1166)  loss_box_reg: 0.0908 (0.0959)  loss_mask: 0.2363 (0.2331)  loss_objectness: 0.0157 (0.0174)  loss_rpn_box_reg: 0.0033 (0.0050)  time: 135.9125  data: 0.0256
Epoch: [1]  [ 8/20]  eta: 0:26:56  lr: 0.001000  loss: 0.4653 (0.4395)  loss_classifier: 0.1120 (0.1082)  loss_box_reg: 0.0908 (0.0879)  loss_mask: 0.2363 (0.2177)  loss_objectness: 0.0163 (0.0209)  loss_rpn_box_reg: 0.0036 (0.0048)  time: 134.7491  data: 0.0257
Epoch: [1]  [ 9/20]  eta: 0:24:44  lr: 0.001000  loss: 0.4653 (0.4688)  loss_classifier: 0.1120 (0.1167)  loss_box_reg: 0.0908 (0.0966)  loss_mask: 0.2363 (0.2284)  loss_objectness: 0.0163 (0.0218)  loss_rpn_box_reg: 0.0036 (0.0052)  time: 134.9376  data: 0.0239
Epoch: [1]  [10/20]  eta: 0:22:14  lr: 0.001000  loss: 0.4653 (0.4629)  loss_classifier: 0.1120 (0.1136)  loss_box_reg: 0.0908 (0.0958)  loss_mask: 0.2363 (0.2271)  loss_objectness: 0.0164 (0.0213)  loss_rpn_box_reg: 0.0040 (0.0051)  time: 133.4850  data: 0.0254
Epoch: [1]  [11/20]  eta: 0:19:57  lr: 0.001000  loss: 0.4653 (0.4660)  loss_classifier: 0.1035 (0.1128)  loss_box_reg: 0.0908 (0.0972)  loss_mask: 0.2157 (0.2262)  loss_objectness: 0.0164 (0.0243)  loss_rpn_box_reg: 0.0040 (0.0056)  time: 133.0586  data: 0.0264
Epoch: [1]  [12/20]  eta: 0:17:36  lr: 0.001000  loss: 0.4724 (0.4665)  loss_classifier: 0.1035 (0.1119)  loss_box_reg: 0.0908 (0.0962)  loss_mask: 0.2363 (0.2273)  loss_objectness: 0.0190 (0.0249)  loss_rpn_box_reg: 0.0046 (0.0060)  time: 132.0663  data: 0.0271
Epoch: [1]  [13/20]  eta: 0:15:26  lr: 0.001000  loss: 0.4653 (0.4660)  loss_classifier: 0.1019 (0.1111)  loss_box_reg: 0.0908 (0.0988)  loss_mask: 0.2157 (0.2265)  loss_objectness: 0.0164 (0.0239)  loss_rpn_box_reg: 0.0040 (0.0058)  time: 132.2945  data: 0.0255
Epoch: [1]  [14/20]  eta: 0:13:14  lr: 0.001000  loss: 0.4653 (0.4479)  loss_classifier: 0.1019 (0.1065)  loss_box_reg: 0.0908 (0.0941)  loss_mask: 0.2157 (0.2192)  loss_objectness: 0.0164 (0.0225)  loss_rpn_box_reg: 0.0040 (0.0056)  time: 132.4740  data: 0.0259
Epoch: [1]  [15/20]  eta: 0:11:06  lr: 0.001000  loss: 0.4653 (0.4737)  loss_classifier: 0.1019 (0.1121)  loss_box_reg: 0.0908 (0.1003)  loss_mask: 0.2157 (0.2295)  loss_objectness: 0.0164 (0.0262)  loss_rpn_box_reg: 0.0040 (0.0057)  time: 133.3346  data: 0.0258
Epoch: [1]  [16/20]  eta: 0:08:52  lr: 0.001000  loss: 0.4724 (0.4826)  loss_classifier: 0.1035 (0.1147)  loss_box_reg: 0.0968 (0.1010)  loss_mask: 0.2363 (0.2312)  loss_objectness: 0.0190 (0.0297)  loss_rpn_box_reg: 0.0046 (0.0061)  time: 133.2005  data: 0.0280
Epoch: [1]  [17/20]  eta: 0:06:36  lr: 0.001000  loss: 0.4653 (0.4703)  loss_classifier: 0.1019 (0.1120)  loss_box_reg: 0.0908 (0.0982)  loss_mask: 0.2157 (0.2255)  loss_objectness: 0.0164 (0.0287)  loss_rpn_box_reg: 0.0046 (0.0060)  time: 132.1238  data: 0.0275
Epoch: [1]  [18/20]  eta: 0:04:24  lr: 0.001000  loss: 0.4724 (0.4786)  loss_classifier: 0.1035 (0.1155)  loss_box_reg: 0.0968 (0.1000)  loss_mask: 0.2363 (0.2283)  loss_objectness: 0.0190 (0.0289)  loss_rpn_box_reg: 0.0046 (0.0059)  time: 132.1026  data: 0.0267
Epoch: [1]  [19/20]  eta: 0:02:12  lr: 0.001000  loss: 0.4724 (0.4985)  loss_classifier: 0.1035 (0.1228)  loss_box_reg: 0.0968 (0.1040)  loss_mask: 0.2363 (0.2355)  loss_objectness: 0.0190 (0.0302)  loss_rpn_box_reg: 0.0046 (0.0060)  time: 132.6838  data: 0.0279
Epoch: [1] Total time: 0:44:13 (132.6963 s / it)
Epoch: [2]  [ 0/20]  eta: 0:42:27  lr: 0.000200  loss: 0.3697 (0.3697)  loss_classifier: 0.0940 (0.0940)  loss_box_reg: 0.0865 (0.0865)  loss_mask: 0.1696 (0.1696)  loss_objectness: 0.0102 (0.0102)  loss_rpn_box_reg: 0.0094 (0.0094)  time: 127.3762  data: 0.0340
Epoch: [2]  [ 1/20]  eta: 0:41:16  lr: 0.000200  loss: 0.3697 (0.4560)  loss_classifier: 0.0940 (0.1216)  loss_box_reg: 0.0865 (0.0927)  loss_mask: 0.1696 (0.2085)  loss_objectness: 0.0102 (0.0258)  loss_rpn_box_reg: 0.0055 (0.0075)  time: 130.3198  data: 0.0405
Epoch: [2]  [ 2/20]  eta: 0:40:00  lr: 0.000200  loss: 0.5423 (0.5465)  loss_classifier: 0.1491 (0.1409)  loss_box_reg: 0.0989 (0.1107)  loss_mask: 0.2474 (0.2633)  loss_objectness: 0.0238 (0.0252)  loss_rpn_box_reg: 0.0055 (0.0064)  time: 133.3416  data: 0.0303
Epoch: [2]  [ 3/20]  eta: 0:37:36  lr: 0.000200  loss: 0.3697 (0.4762)  loss_classifier: 0.0940 (0.1181)  loss_box_reg: 0.0865 (0.0944)  loss_mask: 0.1696 (0.2295)  loss_objectness: 0.0238 (0.0283)  loss_rpn_box_reg: 0.0046 (0.0060)  time: 132.7191  data: 0.0330
Epoch: [2]  [ 4/20]  eta: 0:35:19  lr: 0.000200  loss: 0.4700 (0.4750)  loss_classifier: 0.1222 (0.1189)  loss_box_reg: 0.0865 (0.0927)  loss_mask: 0.2284 (0.2293)  loss_objectness: 0.0285 (0.0283)  loss_rpn_box_reg: 0.0050 (0.0058)  time: 132.4785  data: 0.0282
Epoch: [2]  [ 5/20]  eta: 0:32:49  lr: 0.000200  loss: 0.3697 (0.4469)  loss_classifier: 0.0940 (0.1106)  loss_box_reg: 0.0860 (0.0871)  loss_mask: 0.1696 (0.2181)  loss_objectness: 0.0238 (0.0256)  loss_rpn_box_reg: 0.0047 (0.0056)  time: 131.2725  data: 0.0245
Epoch: [2]  [ 6/20]  eta: 0:30:06  lr: 0.000200  loss: 0.4637 (0.4493)  loss_classifier: 0.1222 (0.1126)  loss_box_reg: 0.0865 (0.0873)  loss_mask: 0.2197 (0.2183)  loss_objectness: 0.0253 (0.0256)  loss_rpn_box_reg: 0.0050 (0.0056)  time: 129.0616  data: 0.0220
Epoch: [2]  [ 7/20]  eta: 0:27:26  lr: 0.000200  loss: 0.3697 (0.4360)  loss_classifier: 0.0940 (0.1094)  loss_box_reg: 0.0860 (0.0854)  loss_mask: 0.1696 (0.2084)  loss_objectness: 0.0253 (0.0274)  loss_rpn_box_reg: 0.0047 (0.0054)  time: 126.6328  data: 0.0204
Epoch: [2]  [ 8/20]  eta: 0:25:39  lr: 0.000200  loss: 0.4637 (0.4580)  loss_classifier: 0.1222 (0.1128)  loss_box_reg: 0.0865 (0.0944)  loss_mask: 0.2197 (0.2192)  loss_objectness: 0.0253 (0.0257)  loss_rpn_box_reg: 0.0050 (0.0059)  time: 128.2955  data: 0.0224
Epoch: [2]  [ 9/20]  eta: 0:23:30  lr: 0.000200  loss: 0.3697 (0.4424)  loss_classifier: 0.0940 (0.1089)  loss_box_reg: 0.0860 (0.0909)  loss_mask: 0.1696 (0.2131)  loss_objectness: 0.0238 (0.0237)  loss_rpn_box_reg: 0.0050 (0.0059)  time: 128.2407  data: 0.0246
Epoch: [2]  [10/20]  eta: 0:21:21  lr: 0.000200  loss: 0.4637 (0.4568)  loss_classifier: 0.1222 (0.1114)  loss_box_reg: 0.0865 (0.0932)  loss_mask: 0.2197 (0.2202)  loss_objectness: 0.0253 (0.0254)  loss_rpn_box_reg: 0.0055 (0.0065)  time: 128.1055  data: 0.0231
Epoch: [2]  [11/20]  eta: 0:19:21  lr: 0.000200  loss: 0.4065 (0.4527)  loss_classifier: 0.1222 (0.1125)  loss_box_reg: 0.0865 (0.0929)  loss_mask: 0.1696 (0.2159)  loss_objectness: 0.0238 (0.0251)  loss_rpn_box_reg: 0.0050 (0.0063)  time: 129.0912  data: 0.0252
Epoch: [2]  [12/20]  eta: 0:17:15  lr: 0.000200  loss: 0.4065 (0.4382)  loss_classifier: 0.1222 (0.1084)  loss_box_reg: 0.0865 (0.0901)  loss_mask: 0.1696 (0.2101)  loss_objectness: 0.0238 (0.0234)  loss_rpn_box_reg: 0.0050 (0.0062)  time: 129.3981  data: 0.0277
Epoch: [2]  [13/20]  eta: 0:15:17  lr: 0.000200  loss: 0.4065 (0.4670)  loss_classifier: 0.1222 (0.1159)  loss_box_reg: 0.0865 (0.0979)  loss_mask: 0.1696 (0.2196)  loss_objectness: 0.0238 (0.0271)  loss_rpn_box_reg: 0.0050 (0.0065)  time: 131.0657  data: 0.0268
Epoch: [2]  [14/20]  eta: 0:13:03  lr: 0.000200  loss: 0.4065 (0.4531)  loss_classifier: 0.1222 (0.1130)  loss_box_reg: 0.0865 (0.0943)  loss_mask: 0.1696 (0.2132)  loss_objectness: 0.0238 (0.0264)  loss_rpn_box_reg: 0.0050 (0.0063)  time: 130.6396  data: 0.0291
Epoch: [2]  [15/20]  eta: 0:10:54  lr: 0.000200  loss: 0.3697 (0.4423)  loss_classifier: 0.0940 (0.1093)  loss_box_reg: 0.0860 (0.0925)  loss_mask: 0.1678 (0.2090)  loss_objectness: 0.0210 (0.0254)  loss_rpn_box_reg: 0.0047 (0.0061)  time: 130.8188  data: 0.0279
Epoch: [2]  [16/20]  eta: 0:08:47  lr: 0.000200  loss: 0.4065 (0.4600)  loss_classifier: 0.1222 (0.1138)  loss_box_reg: 0.0865 (0.0987)  loss_mask: 0.1696 (0.2132)  loss_objectness: 0.0238 (0.0279)  loss_rpn_box_reg: 0.0050 (0.0063)  time: 131.7864  data: 0.0292
Epoch: [2]  [17/20]  eta: 0:06:34  lr: 0.000200  loss: 0.3697 (0.4492)  loss_classifier: 0.0940 (0.1105)  loss_box_reg: 0.0860 (0.0964)  loss_mask: 0.1678 (0.2088)  loss_objectness: 0.0210 (0.0274)  loss_rpn_box_reg: 0.0047 (0.0061)  time: 131.6180  data: 0.0310
Epoch: [2]  [18/20]  eta: 0:04:22  lr: 0.000200  loss: 0.3697 (0.4402)  loss_classifier: 0.0940 (0.1074)  loss_box_reg: 0.0860 (0.0929)  loss_mask: 0.1678 (0.2062)  loss_objectness: 0.0238 (0.0277)  loss_rpn_box_reg: 0.0047 (0.0059)  time: 131.2579  data: 0.0296
Epoch: [2]  [19/20]  eta: 0:02:10  lr: 0.000200  loss: 0.3426 (0.4272)  loss_classifier: 0.0870 (0.1044)  loss_box_reg: 0.0721 (0.0890)  loss_mask: 0.1619 (0.2015)  loss_objectness: 0.0210 (0.0267)  loss_rpn_box_reg: 0.0047 (0.0056)  time: 130.7469  data: 0.0282
Epoch: [2] Total time: 0:43:35 (130.7612 s / it)
Epoch: [3]  [ 0/20]  eta: 0:41:41  lr: 0.000200  loss: 0.1819 (0.1819)  loss_classifier: 0.0444 (0.0444)  loss_box_reg: 0.0299 (0.0299)  loss_mask: 0.1042 (0.1042)  loss_objectness: 0.0022 (0.0022)  loss_rpn_box_reg: 0.0013 (0.0013)  time: 125.0672  data: 0.0030
Epoch: [3]  [ 1/20]  eta: 0:39:51  lr: 0.000200  loss: 0.1819 (0.2614)  loss_classifier: 0.0444 (0.0686)  loss_box_reg: 0.0299 (0.0379)  loss_mask: 0.1042 (0.1458)  loss_objectness: 0.0022 (0.0078)  loss_rpn_box_reg: 0.0013 (0.0013)  time: 125.8822  data: 0.0065
Epoch: [3]  [ 2/20]  eta: 0:37:37  lr: 0.000200  loss: 0.3408 (0.3464)  loss_classifier: 0.0929 (0.0894)  loss_box_reg: 0.0458 (0.0659)  loss_mask: 0.1874 (0.1719)  loss_objectness: 0.0133 (0.0151)  loss_rpn_box_reg: 0.0014 (0.0040)  time: 125.4093  data: 0.0070
Epoch: [3]  [ 3/20]  eta: 0:35:32  lr: 0.000200  loss: 0.2093 (0.3121)  loss_classifier: 0.0469 (0.0788)  loss_box_reg: 0.0299 (0.0569)  loss_mask: 0.1042 (0.1530)  loss_objectness: 0.0133 (0.0199)  loss_rpn_box_reg: 0.0014 (0.0035)  time: 125.4361  data: 0.0160
Epoch: [3]  [ 4/20]  eta: 0:33:11  lr: 0.000200  loss: 0.3408 (0.3527)  loss_classifier: 0.0882 (0.0807)  loss_box_reg: 0.0458 (0.0565)  loss_mask: 0.1874 (0.1797)  loss_objectness: 0.0299 (0.0314)  loss_rpn_box_reg: 0.0020 (0.0044)  time: 124.4700  data: 0.0177
Epoch: [3]  [ 5/20]  eta: 0:31:24  lr: 0.000200  loss: 0.3408 (0.3549)  loss_classifier: 0.0882 (0.0850)  loss_box_reg: 0.0458 (0.0586)  loss_mask: 0.1668 (0.1775)  loss_objectness: 0.0157 (0.0288)  loss_rpn_box_reg: 0.0020 (0.0050)  time: 125.6074  data: 0.0156
Epoch: [3]  [ 6/20]  eta: 0:29:53  lr: 0.000200  loss: 0.3658 (0.4300)  loss_classifier: 0.0929 (0.1048)  loss_box_reg: 0.0549 (0.0802)  loss_mask: 0.1874 (0.2095)  loss_objectness: 0.0299 (0.0301)  loss_rpn_box_reg: 0.0070 (0.0052)  time: 128.0811  data: 0.0154
Epoch: [3]  [ 7/20]  eta: 0:27:41  lr: 0.000200  loss: 0.3408 (0.4070)  loss_classifier: 0.0882 (0.0996)  loss_box_reg: 0.0458 (0.0745)  loss_mask: 0.1668 (0.2011)  loss_objectness: 0.0157 (0.0269)  loss_rpn_box_reg: 0.0022 (0.0049)  time: 127.8200  data: 0.0199
Epoch: [3]  [ 8/20]  eta: 0:25:28  lr: 0.000200  loss: 0.3658 (0.4111)  loss_classifier: 0.0929 (0.1009)  loss_box_reg: 0.0549 (0.0781)  loss_mask: 0.1874 (0.2009)  loss_objectness: 0.0195 (0.0261)  loss_rpn_box_reg: 0.0065 (0.0050)  time: 127.3394  data: 0.0188
Epoch: [3]  [ 9/20]  eta: 0:23:30  lr: 0.000200  loss: 0.3658 (0.4218)  loss_classifier: 0.0929 (0.1057)  loss_box_reg: 0.0549 (0.0832)  loss_mask: 0.1874 (0.2035)  loss_objectness: 0.0157 (0.0246)  loss_rpn_box_reg: 0.0032 (0.0049)  time: 128.1943  data: 0.0230
Epoch: [3]  [10/20]  eta: 0:21:15  lr: 0.000200  loss: 0.4340 (0.4229)  loss_classifier: 0.0929 (0.1029)  loss_box_reg: 0.0689 (0.0827)  loss_mask: 0.1993 (0.2053)  loss_objectness: 0.0195 (0.0270)  loss_rpn_box_reg: 0.0055 (0.0049)  time: 127.5736  data: 0.0253
Epoch: [3]  [11/20]  eta: 0:19:17  lr: 0.000200  loss: 0.4340 (0.4485)  loss_classifier: 0.0929 (0.1116)  loss_box_reg: 0.0689 (0.0872)  loss_mask: 0.1993 (0.2150)  loss_objectness: 0.0195 (0.0297)  loss_rpn_box_reg: 0.0055 (0.0050)  time: 128.5578  data: 0.0242
Epoch: [3]  [12/20]  eta: 0:17:17  lr: 0.000200  loss: 0.4440 (0.4643)  loss_classifier: 0.1068 (0.1169)  loss_box_reg: 0.0784 (0.0924)  loss_mask: 0.2240 (0.2199)  loss_objectness: 0.0299 (0.0299)  loss_rpn_box_reg: 0.0060 (0.0054)  time: 129.6368  data: 0.0271
Epoch: [3]  [13/20]  eta: 0:15:09  lr: 0.000200  loss: 0.4440 (0.4686)  loss_classifier: 0.1068 (0.1165)  loss_box_reg: 0.0784 (0.0944)  loss_mask: 0.2080 (0.2190)  loss_objectness: 0.0299 (0.0328)  loss_rpn_box_reg: 0.0060 (0.0059)  time: 129.9646  data: 0.0292
Epoch: [3]  [14/20]  eta: 0:12:58  lr: 0.000200  loss: 0.4526 (0.4676)  loss_classifier: 0.1113 (0.1167)  loss_box_reg: 0.0930 (0.0943)  loss_mask: 0.2080 (0.2178)  loss_objectness: 0.0322 (0.0330)  loss_rpn_box_reg: 0.0060 (0.0057)  time: 129.7868  data: 0.0316
Epoch: [3]  [15/20]  eta: 0:10:50  lr: 0.000200  loss: 0.4526 (0.4680)  loss_classifier: 0.1113 (0.1166)  loss_box_reg: 0.0894 (0.0940)  loss_mask: 0.2080 (0.2204)  loss_objectness: 0.0299 (0.0313)  loss_rpn_box_reg: 0.0055 (0.0057)  time: 130.1987  data: 0.0313
Epoch: [3]  [16/20]  eta: 0:08:44  lr: 0.000200  loss: 0.4743 (0.4843)  loss_classifier: 0.1124 (0.1216)  loss_box_reg: 0.0930 (0.1003)  loss_mask: 0.2240 (0.2235)  loss_objectness: 0.0322 (0.0331)  loss_rpn_box_reg: 0.0055 (0.0057)  time: 131.0314  data: 0.0330
Epoch: [3]  [17/20]  eta: 0:06:32  lr: 0.000200  loss: 0.4526 (0.4706)  loss_classifier: 0.1113 (0.1179)  loss_box_reg: 0.0894 (0.0967)  loss_mask: 0.2080 (0.2190)  loss_objectness: 0.0299 (0.0317)  loss_rpn_box_reg: 0.0051 (0.0054)  time: 130.8372  data: 0.0340
Epoch: [3]  [18/20]  eta: 0:04:22  lr: 0.000200  loss: 0.4526 (0.4685)  loss_classifier: 0.1122 (0.1176)  loss_box_reg: 0.0894 (0.0963)  loss_mask: 0.2138 (0.2187)  loss_objectness: 0.0299 (0.0305)  loss_rpn_box_reg: 0.0055 (0.0054)  time: 131.1665  data: 0.0326
Epoch: [3]  [19/20]  eta: 0:02:11  lr: 0.000200  loss: 0.4526 (0.4889)  loss_classifier: 0.1122 (0.1224)  loss_box_reg: 0.0894 (0.1001)  loss_mask: 0.2138 (0.2304)  loss_objectness: 0.0269 (0.0303)  loss_rpn_box_reg: 0.0055 (0.0058)  time: 131.5129  data: 0.0334
Epoch: [3] Total time: 0:43:50 (131.5295 s / it)
Epoch: [4]  [ 0/20]  eta: 0:42:57  lr: 0.000040  loss: 0.3929 (0.3929)  loss_classifier: 0.0777 (0.0777)  loss_box_reg: 0.0763 (0.0763)  loss_mask: 0.2248 (0.2248)  loss_objectness: 0.0088 (0.0088)  loss_rpn_box_reg: 0.0053 (0.0053)  time: 128.8544  data: 0.0441
Epoch: [4]  [ 1/20]  eta: 0:41:31  lr: 0.000040  loss: 0.2911 (0.3420)  loss_classifier: 0.0777 (0.0849)  loss_box_reg: 0.0556 (0.0660)  loss_mask: 0.1317 (0.1782)  loss_objectness: 0.0088 (0.0094)  loss_rpn_box_reg: 0.0018 (0.0035)  time: 131.1561  data: 0.0271
Epoch: [4]  [ 2/20]  eta: 0:38:55  lr: 0.000040  loss: 0.2911 (0.3180)  loss_classifier: 0.0777 (0.0761)  loss_box_reg: 0.0556 (0.0617)  loss_mask: 0.1317 (0.1602)  loss_objectness: 0.0099 (0.0167)  loss_rpn_box_reg: 0.0028 (0.0033)  time: 129.7293  data: 0.0324
Epoch: [4]  [ 3/20]  eta: 0:36:22  lr: 0.000040  loss: 0.2911 (0.3203)  loss_classifier: 0.0686 (0.0743)  loss_box_reg: 0.0532 (0.0595)  loss_mask: 0.1317 (0.1554)  loss_objectness: 0.0099 (0.0278)  loss_rpn_box_reg: 0.0028 (0.0033)  time: 128.4114  data: 0.0265
Epoch: [4]  [ 4/20]  eta: 0:34:07  lr: 0.000040  loss: 0.3272 (0.3404)  loss_classifier: 0.0777 (0.0816)  loss_box_reg: 0.0556 (0.0598)  loss_mask: 0.1411 (0.1727)  loss_objectness: 0.0099 (0.0234)  loss_rpn_box_reg: 0.0028 (0.0029)  time: 127.9417  data: 0.0292
Epoch: [4]  [ 5/20]  eta: 0:31:14  lr: 0.000040  loss: 0.3272 (0.3387)  loss_classifier: 0.0777 (0.0857)  loss_box_reg: 0.0535 (0.0588)  loss_mask: 0.1411 (0.1705)  loss_objectness: 0.0088 (0.0206)  loss_rpn_box_reg: 0.0028 (0.0031)  time: 124.9488  data: 0.0254
Epoch: [4]  [ 6/20]  eta: 0:29:10  lr: 0.000040  loss: 0.3300 (0.3716)  loss_classifier: 0.0920 (0.0928)  loss_box_reg: 0.0556 (0.0619)  loss_mask: 0.1596 (0.1907)  loss_objectness: 0.0099 (0.0228)  loss_rpn_box_reg: 0.0035 (0.0034)  time: 125.0010  data: 0.0272
Epoch: [4]  [ 7/20]  eta: 0:27:00  lr: 0.000040  loss: 0.3272 (0.3525)  loss_classifier: 0.0777 (0.0894)  loss_box_reg: 0.0535 (0.0571)  loss_mask: 0.1411 (0.1824)  loss_objectness: 0.0088 (0.0203)  loss_rpn_box_reg: 0.0028 (0.0032)  time: 124.6325  data: 0.0243
Epoch: [4]  [ 8/20]  eta: 0:24:45  lr: 0.000040  loss: 0.3272 (0.3492)  loss_classifier: 0.0777 (0.0864)  loss_box_reg: 0.0556 (0.0582)  loss_mask: 0.1505 (0.1789)  loss_objectness: 0.0099 (0.0220)  loss_rpn_box_reg: 0.0035 (0.0037)  time: 123.7783  data: 0.0221
Epoch: [4]  [ 9/20]  eta: 0:22:29  lr: 0.000040  loss: 0.3272 (0.3882)  loss_classifier: 0.0777 (0.0940)  loss_box_reg: 0.0556 (0.0642)  loss_mask: 0.1505 (0.2042)  loss_objectness: 0.0099 (0.0220)  loss_rpn_box_reg: 0.0035 (0.0038)  time: 122.6711  data: 0.0205
Epoch: [4]  [10/20]  eta: 0:20:43  lr: 0.000040  loss: 0.3300 (0.4266)  loss_classifier: 0.0920 (0.0997)  loss_box_reg: 0.0611 (0.0755)  loss_mask: 0.1596 (0.2157)  loss_objectness: 0.0222 (0.0299)  loss_rpn_box_reg: 0.0041 (0.0057)  time: 124.3630  data: 0.0237
Epoch: [4]  [11/20]  eta: 0:18:41  lr: 0.000040  loss: 0.3272 (0.4157)  loss_classifier: 0.0777 (0.0977)  loss_box_reg: 0.0556 (0.0735)  loss_mask: 0.1505 (0.2099)  loss_objectness: 0.0156 (0.0288)  loss_rpn_box_reg: 0.0041 (0.0058)  time: 124.5907  data: 0.0264
Epoch: [4]  [12/20]  eta: 0:16:35  lr: 0.000040  loss: 0.3272 (0.4072)  loss_classifier: 0.0777 (0.0954)  loss_box_reg: 0.0611 (0.0728)  loss_mask: 0.1596 (0.2063)  loss_objectness: 0.0156 (0.0272)  loss_rpn_box_reg: 0.0041 (0.0055)  time: 124.4014  data: 0.0247
Epoch: [4]  [13/20]  eta: 0:14:38  lr: 0.000040  loss: 0.3272 (0.4322)  loss_classifier: 0.0777 (0.1015)  loss_box_reg: 0.0611 (0.0807)  loss_mask: 0.1596 (0.2167)  loss_objectness: 0.0156 (0.0279)  loss_rpn_box_reg: 0.0041 (0.0054)  time: 125.5514  data: 0.0237
Epoch: [4]  [14/20]  eta: 0:12:35  lr: 0.000040  loss: 0.3300 (0.4293)  loss_classifier: 0.0920 (0.1010)  loss_box_reg: 0.0637 (0.0814)  loss_mask: 0.1635 (0.2147)  loss_objectness: 0.0156 (0.0269)  loss_rpn_box_reg: 0.0043 (0.0054)  time: 125.8719  data: 0.0271
Epoch: [4]  [15/20]  eta: 0:10:30  lr: 0.000040  loss: 0.3300 (0.4443)  loss_classifier: 0.0920 (0.1027)  loss_box_reg: 0.0637 (0.0849)  loss_mask: 0.1635 (0.2234)  loss_objectness: 0.0156 (0.0279)  loss_rpn_box_reg: 0.0041 (0.0053)  time: 126.0176  data: 0.0260
Epoch: [4]  [16/20]  eta: 0:08:23  lr: 0.000040  loss: 0.3300 (0.4363)  loss_classifier: 0.0920 (0.1012)  loss_box_reg: 0.0637 (0.0831)  loss_mask: 0.1635 (0.2187)  loss_objectness: 0.0222 (0.0280)  loss_rpn_box_reg: 0.0041 (0.0052)  time: 125.9118  data: 0.0260
Epoch: [4]  [17/20]  eta: 0:06:14  lr: 0.000040  loss: 0.3272 (0.4299)  loss_classifier: 0.0777 (0.0994)  loss_box_reg: 0.0637 (0.0821)  loss_mask: 0.1596 (0.2153)  loss_objectness: 0.0222 (0.0279)  loss_rpn_box_reg: 0.0036 (0.0051)  time: 124.9457  data: 0.0250
Epoch: [4]  [18/20]  eta: 0:04:09  lr: 0.000040  loss: 0.3272 (0.4205)  loss_classifier: 0.0777 (0.0973)  loss_box_reg: 0.0637 (0.0808)  loss_mask: 0.1596 (0.2102)  loss_objectness: 0.0222 (0.0273)  loss_rpn_box_reg: 0.0036 (0.0049)  time: 124.9567  data: 0.0241
Epoch: [4]  [19/20]  eta: 0:02:05  lr: 0.000040  loss: 0.3272 (0.4248)  loss_classifier: 0.0777 (0.0997)  loss_box_reg: 0.0637 (0.0826)  loss_mask: 0.1596 (0.2097)  loss_objectness: 0.0222 (0.0280)  loss_rpn_box_reg: 0.0035 (0.0048)  time: 125.3393  data: 0.0245
Epoch: [4] Total time: 0:41:47 (125.3519 s / it)
Epoch: [5]  [ 0/20]  eta: 0:48:18  lr: 0.000040  loss: 0.7047 (0.7047)  loss_classifier: 0.1733 (0.1733)  loss_box_reg: 0.1573 (0.1573)  loss_mask: 0.2862 (0.2862)  loss_objectness: 0.0744 (0.0744)  loss_rpn_box_reg: 0.0135 (0.0135)  time: 144.9251  data: 0.0200
Epoch: [5]  [ 1/20]  eta: 0:44:51  lr: 0.000040  loss: 0.5351 (0.6199)  loss_classifier: 0.0864 (0.1298)  loss_box_reg: 0.1400 (0.1487)  loss_mask: 0.2862 (0.2888)  loss_objectness: 0.0141 (0.0443)  loss_rpn_box_reg: 0.0031 (0.0083)  time: 141.6447  data: 0.0365
Epoch: [5]  [ 2/20]  eta: 0:40:57  lr: 0.000040  loss: 0.5351 (0.5846)  loss_classifier: 0.1128 (0.1242)  loss_box_reg: 0.1400 (0.1349)  loss_mask: 0.2862 (0.2797)  loss_objectness: 0.0273 (0.0386)  loss_rpn_box_reg: 0.0050 (0.0072)  time: 136.5271  data: 0.0417
Epoch: [5]  [ 3/20]  eta: 0:38:17  lr: 0.000040  loss: 0.5351 (0.6080)  loss_classifier: 0.1128 (0.1317)  loss_box_reg: 0.1400 (0.1382)  loss_mask: 0.2862 (0.2892)  loss_objectness: 0.0273 (0.0423)  loss_rpn_box_reg: 0.0050 (0.0067)  time: 135.1345  data: 0.0335
Epoch: [5]  [ 4/20]  eta: 0:35:39  lr: 0.000040  loss: 0.5351 (0.5386)  loss_classifier: 0.1128 (0.1171)  loss_box_reg: 0.1400 (0.1221)  loss_mask: 0.2862 (0.2576)  loss_objectness: 0.0273 (0.0352)  loss_rpn_box_reg: 0.0050 (0.0067)  time: 133.7221  data: 0.0358
Epoch: [5]  [ 5/20]  eta: 0:33:35  lr: 0.000040  loss: 0.5351 (0.5415)  loss_classifier: 0.1035 (0.1148)  loss_box_reg: 0.1400 (0.1255)  loss_mask: 0.2862 (0.2628)  loss_objectness: 0.0182 (0.0323)  loss_rpn_box_reg: 0.0050 (0.0061)  time: 134.3800  data: 0.0307
Epoch: [5]  [ 6/20]  eta: 0:31:06  lr: 0.000040  loss: 0.5351 (0.4899)  loss_classifier: 0.1035 (0.1039)  loss_box_reg: 0.1400 (0.1110)  loss_mask: 0.2862 (0.2404)  loss_objectness: 0.0182 (0.0290)  loss_rpn_box_reg: 0.0050 (0.0056)  time: 133.3397  data: 0.0319
Epoch: [5]  [ 7/20]  eta: 0:29:26  lr: 0.000040  loss: 0.5351 (0.5223)  loss_classifier: 0.1035 (0.1144)  loss_box_reg: 0.1400 (0.1147)  loss_mask: 0.2862 (0.2468)  loss_objectness: 0.0182 (0.0401)  loss_rpn_box_reg: 0.0050 (0.0063)  time: 135.9186  data: 0.0306
Epoch: [5]  [ 8/20]  eta: 0:26:55  lr: 0.000040  loss: 0.5351 (0.4959)  loss_classifier: 0.1035 (0.1092)  loss_box_reg: 0.1400 (0.1066)  loss_mask: 0.2862 (0.2375)  loss_objectness: 0.0182 (0.0368)  loss_rpn_box_reg: 0.0050 (0.0058)  time: 134.6028  data: 0.0339
Epoch: [5]  [ 9/20]  eta: 0:24:46  lr: 0.000040  loss: 0.5139 (0.4887)  loss_classifier: 0.1035 (0.1102)  loss_box_reg: 0.1073 (0.1056)  loss_mask: 0.2615 (0.2321)  loss_objectness: 0.0182 (0.0351)  loss_rpn_box_reg: 0.0050 (0.0058)  time: 135.1117  data: 0.0359
Epoch: [5]  [10/20]  eta: 0:22:34  lr: 0.000040  loss: 0.5139 (0.4887)  loss_classifier: 0.1128 (0.1109)  loss_box_reg: 0.1368 (0.1084)  loss_mask: 0.2615 (0.2293)  loss_objectness: 0.0202 (0.0343)  loss_rpn_box_reg: 0.0050 (0.0058)  time: 135.4451  data: 0.0376
Epoch: [5]  [11/20]  eta: 0:20:08  lr: 0.000040  loss: 0.4888 (0.4769)  loss_classifier: 0.1035 (0.1096)  loss_box_reg: 0.1073 (0.1057)  loss_mask: 0.2019 (0.2234)  loss_objectness: 0.0182 (0.0321)  loss_rpn_box_reg: 0.0050 (0.0061)  time: 134.2792  data: 0.0393
Epoch: [5]  [12/20]  eta: 0:18:01  lr: 0.000040  loss: 0.4888 (0.4746)  loss_classifier: 0.1035 (0.1084)  loss_box_reg: 0.1107 (0.1061)  loss_mask: 0.2372 (0.2244)  loss_objectness: 0.0182 (0.0299)  loss_rpn_box_reg: 0.0050 (0.0057)  time: 135.1589  data: 0.0367
Epoch: [5]  [13/20]  eta: 0:15:57  lr: 0.000040  loss: 0.4888 (0.4937)  loss_classifier: 0.1035 (0.1135)  loss_box_reg: 0.1107 (0.1072)  loss_mask: 0.2372 (0.2330)  loss_objectness: 0.0182 (0.0335)  loss_rpn_box_reg: 0.0050 (0.0066)  time: 136.7547  data: 0.0375
Epoch: [5]  [14/20]  eta: 0:13:36  lr: 0.000040  loss: 0.4888 (0.4760)  loss_classifier: 0.1035 (0.1090)  loss_box_reg: 0.1107 (0.1015)  loss_mask: 0.2372 (0.2273)  loss_objectness: 0.0182 (0.0319)  loss_rpn_box_reg: 0.0050 (0.0062)  time: 136.0221  data: 0.0375
Epoch: [5]  [15/20]  eta: 0:11:15  lr: 0.000040  loss: 0.4469 (0.4636)  loss_classifier: 0.0948 (0.1054)  loss_box_reg: 0.1073 (0.0973)  loss_mask: 0.2019 (0.2228)  loss_objectness: 0.0182 (0.0322)  loss_rpn_box_reg: 0.0050 (0.0060)  time: 135.1335  data: 0.0368
Epoch: [5]  [16/20]  eta: 0:08:57  lr: 0.000040  loss: 0.4469 (0.4517)  loss_classifier: 0.0948 (0.1036)  loss_box_reg: 0.1073 (0.0932)  loss_mask: 0.2019 (0.2169)  loss_objectness: 0.0202 (0.0322)  loss_rpn_box_reg: 0.0050 (0.0058)  time: 134.4107  data: 0.0356
Epoch: [5]  [17/20]  eta: 0:06:45  lr: 0.000040  loss: 0.4469 (0.4868)  loss_classifier: 0.0948 (0.1124)  loss_box_reg: 0.1073 (0.1011)  loss_mask: 0.2019 (0.2261)  loss_objectness: 0.0202 (0.0395)  loss_rpn_box_reg: 0.0050 (0.0076)  time: 135.0782  data: 0.0342
Epoch: [5]  [18/20]  eta: 0:04:28  lr: 0.000040  loss: 0.4888 (0.4980)  loss_classifier: 0.1035 (0.1178)  loss_box_reg: 0.1107 (0.1024)  loss_mask: 0.2372 (0.2308)  loss_objectness: 0.0256 (0.0393)  loss_rpn_box_reg: 0.0050 (0.0077)  time: 134.4835  data: 0.0351
Epoch: [5]  [19/20]  eta: 0:02:14  lr: 0.000040  loss: 0.4849 (0.4973)  loss_classifier: 0.1007 (0.1169)  loss_box_reg: 0.1107 (0.1028)  loss_mask: 0.2372 (0.2312)  loss_objectness: 0.0243 (0.0385)  loss_rpn_box_reg: 0.0050 (0.0078)  time: 134.6952  data: 0.0344
Epoch: [5] Total time: 0:44:54 (134.7098 s / it)
Epoch: [6]  [ 0/20]  eta: 0:51:59  lr: 0.000008  loss: 0.5996 (0.5996)  loss_classifier: 0.1362 (0.1362)  loss_box_reg: 0.1631 (0.1631)  loss_mask: 0.2340 (0.2340)  loss_objectness: 0.0607 (0.0607)  loss_rpn_box_reg: 0.0056 (0.0056)  time: 155.9887  data: 0.0520
Epoch: [6]  [ 1/20]  eta: 0:46:21  lr: 0.000008  loss: 0.2184 (0.4090)  loss_classifier: 0.0561 (0.0962)  loss_box_reg: 0.0261 (0.0946)  loss_mask: 0.1292 (0.1816)  loss_objectness: 0.0035 (0.0321)  loss_rpn_box_reg: 0.0035 (0.0045)  time: 146.3685  data: 0.0495
Epoch: [6]  [ 2/20]  eta: 0:40:58  lr: 0.000008  loss: 0.2475 (0.3552)  loss_classifier: 0.0561 (0.0826)  loss_box_reg: 0.0500 (0.0797)  loss_mask: 0.1354 (0.1662)  loss_objectness: 0.0054 (0.0232)  loss_rpn_box_reg: 0.0035 (0.0034)  time: 136.5575  data: 0.0343
Epoch: [6]  [ 3/20]  eta: 0:37:53  lr: 0.000008  loss: 0.2184 (0.3140)  loss_classifier: 0.0555 (0.0741)  loss_box_reg: 0.0261 (0.0644)  loss_mask: 0.1292 (0.1542)  loss_objectness: 0.0035 (0.0183)  loss_rpn_box_reg: 0.0020 (0.0031)  time: 133.7336  data: 0.0294
Epoch: [6]  [ 4/20]  eta: 0:35:27  lr: 0.000008  loss: 0.2475 (0.3196)  loss_classifier: 0.0561 (0.0762)  loss_box_reg: 0.0500 (0.0634)  loss_mask: 0.1354 (0.1582)  loss_objectness: 0.0054 (0.0188)  loss_rpn_box_reg: 0.0029 (0.0030)  time: 132.9517  data: 0.0245
Epoch: [6]  [ 5/20]  eta: 0:33:11  lr: 0.000008  loss: 0.2475 (0.3221)  loss_classifier: 0.0561 (0.0803)  loss_box_reg: 0.0500 (0.0631)  loss_mask: 0.1354 (0.1572)  loss_objectness: 0.0054 (0.0178)  loss_rpn_box_reg: 0.0029 (0.0038)  time: 132.7409  data: 0.0223
Epoch: [6]  [ 6/20]  eta: 0:30:31  lr: 0.000008  loss: 0.2994 (0.3189)  loss_classifier: 0.0693 (0.0787)  loss_box_reg: 0.0500 (0.0612)  loss_mask: 0.1520 (0.1585)  loss_objectness: 0.0104 (0.0167)  loss_rpn_box_reg: 0.0035 (0.0038)  time: 130.8530  data: 0.0220
Epoch: [6]  [ 7/20]  eta: 0:27:47  lr: 0.000008  loss: 0.2994 (0.3170)  loss_classifier: 0.0693 (0.0780)  loss_box_reg: 0.0500 (0.0615)  loss_mask: 0.1520 (0.1581)  loss_objectness: 0.0063 (0.0154)  loss_rpn_box_reg: 0.0035 (0.0040)  time: 128.2577  data: 0.0201
Epoch: [6]  [ 8/20]  eta: 0:25:54  lr: 0.000008  loss: 0.3043 (0.3379)  loss_classifier: 0.0729 (0.0839)  loss_box_reg: 0.0593 (0.0666)  loss_mask: 0.1556 (0.1672)  loss_objectness: 0.0104 (0.0163)  loss_rpn_box_reg: 0.0035 (0.0039)  time: 129.5197  data: 0.0186
Epoch: [6]  [ 9/20]  eta: 0:23:32  lr: 0.000008  loss: 0.3043 (0.3355)  loss_classifier: 0.0729 (0.0828)  loss_box_reg: 0.0551 (0.0655)  loss_mask: 0.1556 (0.1669)  loss_objectness: 0.0104 (0.0164)  loss_rpn_box_reg: 0.0035 (0.0038)  time: 128.4066  data: 0.0220
Epoch: [6]  [10/20]  eta: 0:21:20  lr: 0.000008  loss: 0.3133 (0.3588)  loss_classifier: 0.0729 (0.0856)  loss_box_reg: 0.0593 (0.0689)  loss_mask: 0.1644 (0.1824)  loss_objectness: 0.0126 (0.0180)  loss_rpn_box_reg: 0.0037 (0.0039)  time: 128.0945  data: 0.0206
Epoch: [6]  [11/20]  eta: 0:19:06  lr: 0.000008  loss: 0.3043 (0.3493)  loss_classifier: 0.0729 (0.0840)  loss_box_reg: 0.0551 (0.0667)  loss_mask: 0.1556 (0.1777)  loss_objectness: 0.0104 (0.0170)  loss_rpn_box_reg: 0.0035 (0.0039)  time: 127.3759  data: 0.0196
Epoch: [6]  [12/20]  eta: 0:16:56  lr: 0.000008  loss: 0.3133 (0.3763)  loss_classifier: 0.0729 (0.0901)  loss_box_reg: 0.0593 (0.0727)  loss_mask: 0.1644 (0.1901)  loss_objectness: 0.0126 (0.0190)  loss_rpn_box_reg: 0.0037 (0.0044)  time: 127.0848  data: 0.0188
Epoch: [6]  [13/20]  eta: 0:14:51  lr: 0.000008  loss: 0.3043 (0.3699)  loss_classifier: 0.0729 (0.0897)  loss_box_reg: 0.0593 (0.0724)  loss_mask: 0.1556 (0.1849)  loss_objectness: 0.0111 (0.0185)  loss_rpn_box_reg: 0.0037 (0.0044)  time: 127.3873  data: 0.0225
Epoch: [6]  [14/20]  eta: 0:12:48  lr: 0.000008  loss: 0.3133 (0.3691)  loss_classifier: 0.0844 (0.0895)  loss_box_reg: 0.0616 (0.0724)  loss_mask: 0.1644 (0.1847)  loss_objectness: 0.0125 (0.0181)  loss_rpn_box_reg: 0.0038 (0.0045)  time: 128.0859  data: 0.0226
Epoch: [6]  [15/20]  eta: 0:10:39  lr: 0.000008  loss: 0.3043 (0.3597)  loss_classifier: 0.0729 (0.0874)  loss_box_reg: 0.0593 (0.0702)  loss_mask: 0.1556 (0.1801)  loss_objectness: 0.0112 (0.0176)  loss_rpn_box_reg: 0.0037 (0.0044)  time: 127.9341  data: 0.0216
Epoch: [6]  [16/20]  eta: 0:08:33  lr: 0.000008  loss: 0.3133 (0.3784)  loss_classifier: 0.0844 (0.0920)  loss_box_reg: 0.0616 (0.0733)  loss_mask: 0.1644 (0.1894)  loss_objectness: 0.0125 (0.0193)  loss_rpn_box_reg: 0.0038 (0.0045)  time: 128.3893  data: 0.0209
Epoch: [6]  [17/20]  eta: 0:06:24  lr: 0.000008  loss: 0.3043 (0.3701)  loss_classifier: 0.0729 (0.0901)  loss_box_reg: 0.0593 (0.0706)  loss_mask: 0.1556 (0.1855)  loss_objectness: 0.0125 (0.0195)  loss_rpn_box_reg: 0.0037 (0.0044)  time: 128.2746  data: 0.0224
Epoch: [6]  [18/20]  eta: 0:04:17  lr: 0.000008  loss: 0.3133 (0.3835)  loss_classifier: 0.0844 (0.0941)  loss_box_reg: 0.0616 (0.0742)  loss_mask: 0.1644 (0.1898)  loss_objectness: 0.0126 (0.0208)  loss_rpn_box_reg: 0.0038 (0.0045)  time: 128.9787  data: 0.0221
Epoch: [6]  [19/20]  eta: 0:02:07  lr: 0.000008  loss: 0.3133 (0.3821)  loss_classifier: 0.0820 (0.0935)  loss_box_reg: 0.0616 (0.0742)  loss_mask: 0.1644 (0.1895)  loss_objectness: 0.0125 (0.0204)  loss_rpn_box_reg: 0.0038 (0.0046)  time: 127.9496  data: 0.0236
Epoch: [6] Total time: 0:42:39 (127.9602 s / it)
Epoch: [7]  [ 0/20]  eta: 0:41:54  lr: 0.000008  loss: 0.2852 (0.2852)  loss_classifier: 0.0574 (0.0574)  loss_box_reg: 0.0492 (0.0492)  loss_mask: 0.1629 (0.1629)  loss_objectness: 0.0136 (0.0136)  loss_rpn_box_reg: 0.0022 (0.0022)  time: 125.7111  data: 0.0070
Epoch: [7]  [ 1/20]  eta: 0:42:07  lr: 0.000008  loss: 0.2852 (0.6044)  loss_classifier: 0.0574 (0.1208)  loss_box_reg: 0.0492 (0.1156)  loss_mask: 0.1629 (0.2643)  loss_objectness: 0.0136 (0.0973)  loss_rpn_box_reg: 0.0022 (0.0064)  time: 133.0288  data: 0.0255
Epoch: [7]  [ 2/20]  eta: 0:39:19  lr: 0.000008  loss: 0.2852 (0.4709)  loss_classifier: 0.0574 (0.0935)  loss_box_reg: 0.0492 (0.0884)  loss_mask: 0.1629 (0.2134)  loss_objectness: 0.0170 (0.0705)  loss_rpn_box_reg: 0.0022 (0.0050)  time: 131.1085  data: 0.0310
Epoch: [7]  [ 3/20]  eta: 0:37:35  lr: 0.000008  loss: 0.2852 (0.4478)  loss_classifier: 0.0574 (0.0923)  loss_box_reg: 0.0492 (0.0911)  loss_mask: 0.1629 (0.2015)  loss_objectness: 0.0170 (0.0577)  loss_rpn_box_reg: 0.0022 (0.0052)  time: 132.7038  data: 0.0309
Epoch: [7]  [ 4/20]  eta: 0:35:33  lr: 0.000008  loss: 0.3785 (0.4466)  loss_classifier: 0.0886 (0.0946)  loss_box_reg: 0.0983 (0.0925)  loss_mask: 0.1657 (0.1979)  loss_objectness: 0.0192 (0.0562)  loss_rpn_box_reg: 0.0058 (0.0055)  time: 133.3513  data: 0.0353
Epoch: [7]  [ 5/20]  eta: 0:33:19  lr: 0.000008  loss: 0.3785 (0.4558)  loss_classifier: 0.0886 (0.0996)  loss_box_reg: 0.0972 (0.0933)  loss_mask: 0.1657 (0.2089)  loss_objectness: 0.0170 (0.0488)  loss_rpn_box_reg: 0.0032 (0.0051)  time: 133.3009  data: 0.0376
Epoch: [7]  [ 6/20]  eta: 0:31:08  lr: 0.000008  loss: 0.3785 (0.4370)  loss_classifier: 0.0886 (0.0973)  loss_box_reg: 0.0972 (0.0906)  loss_mask: 0.1657 (0.2013)  loss_objectness: 0.0170 (0.0426)  loss_rpn_box_reg: 0.0057 (0.0052)  time: 133.4933  data: 0.0395
Epoch: [7]  [ 7/20]  eta: 0:29:02  lr: 0.000008  loss: 0.3247 (0.4107)  loss_classifier: 0.0835 (0.0908)  loss_box_reg: 0.0741 (0.0851)  loss_mask: 0.1629 (0.1922)  loss_objectness: 0.0136 (0.0380)  loss_rpn_box_reg: 0.0032 (0.0046)  time: 134.0544  data: 0.0358
Epoch: [7]  [ 8/20]  eta: 0:26:39  lr: 0.000008  loss: 0.3247 (0.3844)  loss_classifier: 0.0835 (0.0852)  loss_box_reg: 0.0741 (0.0783)  loss_mask: 0.1629 (0.1824)  loss_objectness: 0.0136 (0.0342)  loss_rpn_box_reg: 0.0032 (0.0042)  time: 133.3033  data: 0.0323
Epoch: [7]  [ 9/20]  eta: 0:24:43  lr: 0.000008  loss: 0.3247 (0.4283)  loss_classifier: 0.0835 (0.0995)  loss_box_reg: 0.0741 (0.0939)  loss_mask: 0.1629 (0.1956)  loss_objectness: 0.0136 (0.0345)  loss_rpn_box_reg: 0.0032 (0.0047)  time: 134.8418  data: 0.0301
Epoch: [7]  [10/20]  eta: 0:22:10  lr: 0.000008  loss: 0.3247 (0.4131)  loss_classifier: 0.0835 (0.0966)  loss_box_reg: 0.0741 (0.0899)  loss_mask: 0.1629 (0.1899)  loss_objectness: 0.0136 (0.0322)  loss_rpn_box_reg: 0.0038 (0.0047)  time: 133.0579  data: 0.0325
Epoch: [7]  [11/20]  eta: 0:19:53  lr: 0.000008  loss: 0.2852 (0.3944)  loss_classifier: 0.0673 (0.0915)  loss_box_reg: 0.0492 (0.0844)  loss_mask: 0.1558 (0.1842)  loss_objectness: 0.0120 (0.0298)  loss_rpn_box_reg: 0.0032 (0.0045)  time: 132.5912  data: 0.0301
Epoch: [7]  [12/20]  eta: 0:17:39  lr: 0.000008  loss: 0.3247 (0.4003)  loss_classifier: 0.0835 (0.0915)  loss_box_reg: 0.0741 (0.0869)  loss_mask: 0.1629 (0.1881)  loss_objectness: 0.0136 (0.0293)  loss_rpn_box_reg: 0.0038 (0.0046)  time: 132.3970  data: 0.0291
Epoch: [7]  [13/20]  eta: 0:15:24  lr: 0.000008  loss: 0.2852 (0.3871)  loss_classifier: 0.0673 (0.0887)  loss_box_reg: 0.0492 (0.0829)  loss_mask: 0.1558 (0.1822)  loss_objectness: 0.0136 (0.0288)  loss_rpn_box_reg: 0.0033 (0.0045)  time: 132.0052  data: 0.0298
Epoch: [7]  [14/20]  eta: 0:13:13  lr: 0.000008  loss: 0.2944 (0.3810)  loss_classifier: 0.0835 (0.0889)  loss_box_reg: 0.0741 (0.0827)  loss_mask: 0.1558 (0.1776)  loss_objectness: 0.0136 (0.0272)  loss_rpn_box_reg: 0.0038 (0.0046)  time: 132.2449  data: 0.0298
Epoch: [7]  [15/20]  eta: 0:10:59  lr: 0.000008  loss: 0.2852 (0.3670)  loss_classifier: 0.0673 (0.0855)  loss_box_reg: 0.0492 (0.0789)  loss_mask: 0.1324 (0.1723)  loss_objectness: 0.0120 (0.0258)  loss_rpn_box_reg: 0.0033 (0.0045)  time: 131.9492  data: 0.0306
Epoch: [7]  [16/20]  eta: 0:08:46  lr: 0.000008  loss: 0.2944 (0.3684)  loss_classifier: 0.0835 (0.0854)  loss_box_reg: 0.0741 (0.0794)  loss_mask: 0.1558 (0.1718)  loss_objectness: 0.0136 (0.0272)  loss_rpn_box_reg: 0.0038 (0.0046)  time: 131.7355  data: 0.0307
Epoch: [7]  [17/20]  eta: 0:06:35  lr: 0.000008  loss: 0.2944 (0.3817)  loss_classifier: 0.0835 (0.0889)  loss_box_reg: 0.0741 (0.0837)  loss_mask: 0.1558 (0.1764)  loss_objectness: 0.0136 (0.0275)  loss_rpn_box_reg: 0.0038 (0.0052)  time: 131.9919  data: 0.0296
Epoch: [7]  [18/20]  eta: 0:04:23  lr: 0.000008  loss: 0.3247 (0.3819)  loss_classifier: 0.0837 (0.0890)  loss_box_reg: 0.0805 (0.0843)  loss_mask: 0.1629 (0.1767)  loss_objectness: 0.0138 (0.0267)  loss_rpn_box_reg: 0.0046 (0.0052)  time: 131.7898  data: 0.0310
Epoch: [7]  [19/20]  eta: 0:02:11  lr: 0.000008  loss: 0.3136 (0.3785)  loss_classifier: 0.0835 (0.0882)  loss_box_reg: 0.0741 (0.0829)  loss_mask: 0.1629 (0.1763)  loss_objectness: 0.0136 (0.0261)  loss_rpn_box_reg: 0.0038 (0.0050)  time: 131.5422  data: 0.0300
Epoch: [7] Total time: 0:43:51 (131.5542 s / it)
Epoch: [8]  [ 0/20]  eta: 0:37:18  lr: 0.000002  loss: 0.2522 (0.2522)  loss_classifier: 0.0507 (0.0507)  loss_box_reg: 0.0597 (0.0597)  loss_mask: 0.1326 (0.1326)  loss_objectness: 0.0083 (0.0083)  loss_rpn_box_reg: 0.0009 (0.0009)  time: 111.9073  data: 0.0070
Epoch: [8]  [ 1/20]  eta: 0:38:30  lr: 0.000002  loss: 0.2522 (0.2620)  loss_classifier: 0.0507 (0.0641)  loss_box_reg: 0.0575 (0.0586)  loss_mask: 0.1146 (0.1236)  loss_objectness: 0.0083 (0.0116)  loss_rpn_box_reg: 0.0009 (0.0041)  time: 121.5847  data: 0.0230
Epoch: [8]  [ 2/20]  eta: 0:36:22  lr: 0.000002  loss: 0.2719 (0.3085)  loss_classifier: 0.0774 (0.0775)  loss_box_reg: 0.0597 (0.0661)  loss_mask: 0.1326 (0.1479)  loss_objectness: 0.0101 (0.0111)  loss_rpn_box_reg: 0.0074 (0.0059)  time: 121.2738  data: 0.0280
Epoch: [8]  [ 3/20]  eta: 0:35:32  lr: 0.000002  loss: 0.2719 (0.3728)  loss_classifier: 0.0774 (0.0899)  loss_box_reg: 0.0597 (0.0857)  loss_mask: 0.1326 (0.1774)  loss_objectness: 0.0101 (0.0123)  loss_rpn_box_reg: 0.0074 (0.0074)  time: 125.4634  data: 0.0327
Epoch: [8]  [ 4/20]  eta: 0:34:28  lr: 0.000002  loss: 0.2877 (0.3557)  loss_classifier: 0.0780 (0.0875)  loss_box_reg: 0.0659 (0.0817)  loss_mask: 0.1326 (0.1668)  loss_objectness: 0.0148 (0.0128)  loss_rpn_box_reg: 0.0074 (0.0069)  time: 129.2712  data: 0.0380
Epoch: [8]  [ 5/20]  eta: 0:32:32  lr: 0.000002  loss: 0.2877 (0.3898)  loss_classifier: 0.0780 (0.0943)  loss_box_reg: 0.0659 (0.0905)  loss_mask: 0.1326 (0.1753)  loss_objectness: 0.0148 (0.0228)  loss_rpn_box_reg: 0.0070 (0.0069)  time: 130.1463  data: 0.0412
Epoch: [8]  [ 6/20]  eta: 0:29:52  lr: 0.000002  loss: 0.3034 (0.3774)  loss_classifier: 0.0780 (0.0891)  loss_box_reg: 0.0659 (0.0860)  loss_mask: 0.1445 (0.1709)  loss_objectness: 0.0149 (0.0248)  loss_rpn_box_reg: 0.0070 (0.0066)  time: 128.0159  data: 0.0440
Epoch: [8]  [ 7/20]  eta: 0:27:33  lr: 0.000002  loss: 0.3034 (0.3700)  loss_classifier: 0.0774 (0.0851)  loss_box_reg: 0.0638 (0.0832)  loss_mask: 0.1445 (0.1704)  loss_objectness: 0.0149 (0.0245)  loss_rpn_box_reg: 0.0069 (0.0067)  time: 127.2225  data: 0.0396
Epoch: [8]  [ 8/20]  eta: 0:25:12  lr: 0.000002  loss: 0.3180 (0.3863)  loss_classifier: 0.0780 (0.0864)  loss_box_reg: 0.0659 (0.0857)  loss_mask: 0.1670 (0.1841)  loss_objectness: 0.0160 (0.0237)  loss_rpn_box_reg: 0.0069 (0.0064)  time: 126.0379  data: 0.0367
Epoch: [8]  [ 9/20]  eta: 0:23:09  lr: 0.000002  loss: 0.3180 (0.3907)  loss_classifier: 0.0780 (0.0879)  loss_box_reg: 0.0659 (0.0845)  loss_mask: 0.1670 (0.1897)  loss_objectness: 0.0149 (0.0226)  loss_rpn_box_reg: 0.0049 (0.0061)  time: 126.3304  data: 0.0339
Epoch: [8]  [10/20]  eta: 0:21:14  lr: 0.000002  loss: 0.4015 (0.3969)  loss_classifier: 0.0861 (0.0878)  loss_box_reg: 0.0733 (0.0873)  loss_mask: 0.1914 (0.1899)  loss_objectness: 0.0160 (0.0257)  loss_rpn_box_reg: 0.0069 (0.0063)  time: 127.4907  data: 0.0362
Epoch: [8]  [11/20]  eta: 0:19:06  lr: 0.000002  loss: 0.3180 (0.3785)  loss_classifier: 0.0780 (0.0840)  loss_box_reg: 0.0659 (0.0822)  loss_mask: 0.1670 (0.1825)  loss_objectness: 0.0149 (0.0239)  loss_rpn_box_reg: 0.0049 (0.0059)  time: 127.3790  data: 0.0365
Epoch: [8]  [12/20]  eta: 0:17:10  lr: 0.000002  loss: 0.4015 (0.3937)  loss_classifier: 0.0861 (0.0862)  loss_box_reg: 0.0733 (0.0861)  loss_mask: 0.1914 (0.1923)  loss_objectness: 0.0149 (0.0229)  loss_rpn_box_reg: 0.0069 (0.0062)  time: 128.7550  data: 0.0356
Epoch: [8]  [13/20]  eta: 0:15:04  lr: 0.000002  loss: 0.4015 (0.4003)  loss_classifier: 0.0861 (0.0888)  loss_box_reg: 0.0733 (0.0909)  loss_mask: 0.1914 (0.1923)  loss_objectness: 0.0149 (0.0225)  loss_rpn_box_reg: 0.0049 (0.0059)  time: 129.1742  data: 0.0378
Epoch: [8]  [14/20]  eta: 0:12:53  lr: 0.000002  loss: 0.4303 (0.4230)  loss_classifier: 0.0968 (0.0926)  loss_box_reg: 0.0811 (0.0943)  loss_mask: 0.1927 (0.2084)  loss_objectness: 0.0149 (0.0219)  loss_rpn_box_reg: 0.0049 (0.0057)  time: 128.8894  data: 0.0392
Epoch: [8]  [15/20]  eta: 0:10:40  lr: 0.000002  loss: 0.4015 (0.4171)  loss_classifier: 0.0861 (0.0909)  loss_box_reg: 0.0733 (0.0927)  loss_mask: 0.1914 (0.2071)  loss_objectness: 0.0148 (0.0209)  loss_rpn_box_reg: 0.0049 (0.0055)  time: 128.0155  data: 0.0372
Epoch: [8]  [16/20]  eta: 0:08:32  lr: 0.000002  loss: 0.4015 (0.4038)  loss_classifier: 0.0861 (0.0881)  loss_box_reg: 0.0733 (0.0890)  loss_mask: 0.1914 (0.2012)  loss_objectness: 0.0148 (0.0202)  loss_rpn_box_reg: 0.0049 (0.0053)  time: 128.0823  data: 0.0353
Epoch: [8]  [17/20]  eta: 0:06:24  lr: 0.000002  loss: 0.3728 (0.4021)  loss_classifier: 0.0861 (0.0883)  loss_box_reg: 0.0733 (0.0887)  loss_mask: 0.1868 (0.2001)  loss_objectness: 0.0145 (0.0198)  loss_rpn_box_reg: 0.0041 (0.0052)  time: 128.2067  data: 0.0340
Epoch: [8]  [18/20]  eta: 0:04:17  lr: 0.000002  loss: 0.4015 (0.4164)  loss_classifier: 0.0911 (0.0897)  loss_box_reg: 0.0811 (0.0896)  loss_mask: 0.1914 (0.2101)  loss_objectness: 0.0148 (0.0214)  loss_rpn_box_reg: 0.0049 (0.0056)  time: 128.5553  data: 0.0330
Epoch: [8]  [19/20]  eta: 0:02:08  lr: 0.000002  loss: 0.3728 (0.4095)  loss_classifier: 0.0861 (0.0885)  loss_box_reg: 0.0733 (0.0877)  loss_mask: 0.1868 (0.2071)  loss_objectness: 0.0145 (0.0208)  loss_rpn_box_reg: 0.0041 (0.0055)  time: 128.7914  data: 0.0342
Epoch: [8] Total time: 0:42:56 (128.8073 s / it)
Epoch: [9]  [ 0/20]  eta: 0:45:23  lr: 0.000002  loss: 0.6377 (0.6377)  loss_classifier: 0.1194 (0.1194)  loss_box_reg: 0.1128 (0.1128)  loss_mask: 0.3915 (0.3915)  loss_objectness: 0.0108 (0.0108)  loss_rpn_box_reg: 0.0031 (0.0031)  time: 136.1575  data: 0.0140
Epoch: [9]  [ 1/20]  eta: 0:44:40  lr: 0.000002  loss: 0.6377 (0.8308)  loss_classifier: 0.1194 (0.2071)  loss_box_reg: 0.1128 (0.1679)  loss_mask: 0.3915 (0.4162)  loss_objectness: 0.0108 (0.0317)  loss_rpn_box_reg: 0.0031 (0.0079)  time: 141.0929  data: 0.0250
Epoch: [9]  [ 2/20]  eta: 0:41:56  lr: 0.000002  loss: 0.9337 (0.8651)  loss_classifier: 0.2325 (0.2156)  loss_box_reg: 0.1526 (0.1628)  loss_mask: 0.4220 (0.4181)  loss_objectness: 0.0526 (0.0607)  loss_rpn_box_reg: 0.0081 (0.0079)  time: 139.8154  data: 0.0357
Epoch: [9]  [ 3/20]  eta: 0:39:57  lr: 0.000002  loss: 0.6377 (0.7961)  loss_classifier: 0.1363 (0.1958)  loss_box_reg: 0.1457 (0.1585)  loss_mask: 0.3915 (0.3788)  loss_objectness: 0.0394 (0.0553)  loss_rpn_box_reg: 0.0066 (0.0076)  time: 141.0358  data: 0.0397
Epoch: [9]  [ 4/20]  eta: 0:36:52  lr: 0.000002  loss: 0.6377 (0.6799)  loss_classifier: 0.1363 (0.1674)  loss_box_reg: 0.1457 (0.1340)  loss_mask: 0.3915 (0.3263)  loss_objectness: 0.0394 (0.0453)  loss_rpn_box_reg: 0.0066 (0.0069)  time: 138.2917  data: 0.0418
Epoch: [9]  [ 5/20]  eta: 0:35:06  lr: 0.000002  loss: 0.5890 (0.6545)  loss_classifier: 0.1363 (0.1642)  loss_box_reg: 0.1457 (0.1367)  loss_mask: 0.2609 (0.3036)  loss_objectness: 0.0282 (0.0425)  loss_rpn_box_reg: 0.0066 (0.0075)  time: 140.4386  data: 0.0376
Epoch: [9]  [ 6/20]  eta: 0:32:26  lr: 0.000002  loss: 0.5890 (0.5928)  loss_classifier: 0.1363 (0.1490)  loss_box_reg: 0.1457 (0.1231)  loss_mask: 0.2609 (0.2771)  loss_objectness: 0.0282 (0.0370)  loss_rpn_box_reg: 0.0066 (0.0066)  time: 139.0434  data: 0.0411
Epoch: [9]  [ 7/20]  eta: 0:30:07  lr: 0.000002  loss: 0.5890 (0.6082)  loss_classifier: 0.1363 (0.1514)  loss_box_reg: 0.1457 (0.1288)  loss_mask: 0.2609 (0.2801)  loss_objectness: 0.0282 (0.0402)  loss_rpn_box_reg: 0.0066 (0.0076)  time: 139.0024  data: 0.0393
Epoch: [9]  [ 8/20]  eta: 0:27:35  lr: 0.000002  loss: 0.5890 (0.5740)  loss_classifier: 0.1363 (0.1422)  loss_box_reg: 0.1457 (0.1186)  loss_mask: 0.2609 (0.2671)  loss_objectness: 0.0312 (0.0392)  loss_rpn_box_reg: 0.0066 (0.0069)  time: 137.9503  data: 0.0411
Epoch: [9]  [ 9/20]  eta: 0:25:16  lr: 0.000002  loss: 0.5798 (0.5746)  loss_classifier: 0.1363 (0.1427)  loss_box_reg: 0.1364 (0.1203)  loss_mask: 0.2609 (0.2670)  loss_objectness: 0.0282 (0.0378)  loss_rpn_box_reg: 0.0052 (0.0068)  time: 137.8255  data: 0.0385
Epoch: [9]  [10/20]  eta: 0:22:46  lr: 0.000002  loss: 0.5798 (0.5472)  loss_classifier: 0.1363 (0.1363)  loss_box_reg: 0.1364 (0.1136)  loss_mask: 0.2609 (0.2556)  loss_objectness: 0.0282 (0.0350)  loss_rpn_box_reg: 0.0053 (0.0066)  time: 136.6243  data: 0.0396
Epoch: [9]  [11/20]  eta: 0:20:24  lr: 0.000002  loss: 0.5275 (0.5193)  loss_classifier: 0.1194 (0.1292)  loss_box_reg: 0.1128 (0.1063)  loss_mask: 0.1901 (0.2445)  loss_objectness: 0.0254 (0.0330)  loss_rpn_box_reg: 0.0052 (0.0063)  time: 136.0082  data: 0.0368
Epoch: [9]  [12/20]  eta: 0:18:15  lr: 0.000002  loss: 0.5798 (0.5402)  loss_classifier: 0.1363 (0.1319)  loss_box_reg: 0.1364 (0.1141)  loss_mask: 0.2609 (0.2527)  loss_objectness: 0.0282 (0.0347)  loss_rpn_box_reg: 0.0053 (0.0068)  time: 136.9527  data: 0.0363
Epoch: [9]  [13/20]  eta: 0:16:00  lr: 0.000002  loss: 0.5798 (0.5525)  loss_classifier: 0.1363 (0.1365)  loss_box_reg: 0.1364 (0.1180)  loss_mask: 0.2609 (0.2543)  loss_objectness: 0.0282 (0.0360)  loss_rpn_box_reg: 0.0053 (0.0077)  time: 137.1757  data: 0.0381
Epoch: [9]  [14/20]  eta: 0:13:37  lr: 0.000002  loss: 0.5798 (0.5352)  loss_classifier: 0.1363 (0.1312)  loss_box_reg: 0.1364 (0.1135)  loss_mask: 0.2609 (0.2463)  loss_objectness: 0.0312 (0.0369)  loss_rpn_box_reg: 0.0053 (0.0073)  time: 136.2900  data: 0.0390
Epoch: [9]  [15/20]  eta: 0:11:19  lr: 0.000002  loss: 0.5275 (0.5188)  loss_classifier: 0.1194 (0.1272)  loss_box_reg: 0.1128 (0.1093)  loss_mask: 0.1901 (0.2401)  loss_objectness: 0.0282 (0.0350)  loss_rpn_box_reg: 0.0052 (0.0071)  time: 135.9652  data: 0.0369
Epoch: [9]  [16/20]  eta: 0:09:02  lr: 0.000002  loss: 0.5275 (0.5170)  loss_classifier: 0.1194 (0.1257)  loss_box_reg: 0.1175 (0.1098)  loss_mask: 0.2320 (0.2396)  loss_objectness: 0.0312 (0.0348)  loss_rpn_box_reg: 0.0053 (0.0071)  time: 135.6271  data: 0.0374
Epoch: [9]  [17/20]  eta: 0:06:47  lr: 0.000002  loss: 0.4897 (0.5143)  loss_classifier: 0.1194 (0.1265)  loss_box_reg: 0.1128 (0.1090)  loss_mask: 0.2177 (0.2384)  loss_objectness: 0.0282 (0.0334)  loss_rpn_box_reg: 0.0052 (0.0069)  time: 135.8148  data: 0.0378
Epoch: [9]  [18/20]  eta: 0:04:32  lr: 0.000002  loss: 0.5275 (0.5229)  loss_classifier: 0.1363 (0.1289)  loss_box_reg: 0.1175 (0.1111)  loss_mask: 0.2320 (0.2405)  loss_objectness: 0.0312 (0.0352)  loss_rpn_box_reg: 0.0053 (0.0071)  time: 136.3015  data: 0.0377
Epoch: [9]  [19/20]  eta: 0:02:16  lr: 0.000002  loss: 0.4897 (0.5159)  loss_classifier: 0.1236 (0.1287)  loss_box_reg: 0.1128 (0.1092)  loss_mask: 0.2177 (0.2365)  loss_objectness: 0.0282 (0.0344)  loss_rpn_box_reg: 0.0053 (0.0071)  time: 136.2207  data: 0.0383
Epoch: [9] Total time: 0:45:24 (136.2342 s / it)